[2022-09-01 11:01:07] prodcution.INFO: Broadcasting [neworder-event] on channels [user.48] with payload:
{
    "order": {
        "id": 665,
        "created_at": "2022-09-01T16:01:05.000000Z",
        "updated_at": "2022-09-01T16:01:05.000000Z",
        "address_id": null,
        "client_id": "48",
        "restorant_id": "30",
        "driver_id": null,
        "delivery_price": "4500.00",
        "order_price": "670000.00",
        "payment_method": "cod",
        "payment_status": "unpaid",
        "comment": " ",
        "lat": null,
        "lng": null,
        "srtipe_payment_id": null,
        "fee": "0.00",
        "fee_value": "0",
        "static_fee": "0.00",
        "delivery_method": "1",
        "delivery_pickup_interval": "690_720",
        "vatvalue": "0.00",
        "payment_processor_fee": "0.00",
        "time_to_prepare": null,
        "table_id": null,
        "phone": null,
        "whatsapp_address": "diego garcia",
        "payment_link": "",
        "employee_id": null,
        "deleted_at": null,
        "md": "84117275be999ff55a987b9381e01f96",
        "time_created": "01 Sep 2022 11:01 AM",
        "time_formated": "11:30 AM - 12:00 PM",
        "last_status": [
            {
                "id": 1,
                "name": "Just created",
                "alias": "just_created",
                "pivot": {
                    "order_id": "665",
                    "status_id": "1",
                    "user_id": "48",
                    "created_at": "2022-09-01T16:01:05.000000Z",
                    "comment": "Social Network order"
                }
            }
        ],
        "is_prepared": false,
        "actions": {
            "buttons": [
                "rejected_by_restaurant",
                "accepted_by_restaurant"
            ],
            "message": ""
        },
        "configs": {
            "client_name": null,
            "client_phone": null,
            "delivery_area_name": "Zona Norte"
        },
        "tableassigned": [],
        "restorant": {
            "id": 30,
            "created_at": "2021-12-01T13:34:17.000000Z",
            "updated_at": "2022-09-01T15:58:53.000000Z",
            "name": "VISTETUMASCOTA",
            "keyWhatsApi": "3\"0|95t2QN\\gYv9&",
            "subdomain": "vistetumascota",
            "logo": "e3e1218f-34d1-43f3-9fcb-4e74e7d2f0e4",
            "cover": "19d0d100-924d-40a8-88a5-c5403f28a37b",
            "active": "1",
            "user_id": "48",
            "lat": "4.5509311",
            "lng": "-75.6557092",
            "address": "Tienda Virtual",
            "phone": "+573174796864",
            "minimum": "1",
            "description": "Productos para perros, gatos y todo tipo de mascota",
            "fee": "0.00",
            "static_fee": "0.00",
            "radius": [],
            "is_featured": "0",
            "city_id": null,
            "views": "83",
            "can_pickup": "0",
            "can_deliver": "0",
            "self_deliver": "0",
            "free_deliver": "0",
            "whatsapp_phone": "+573174796864",
            "fb_username": null,
            "do_covertion": "1",
            "currency": "COP",
            "payment_info": "Nequi 3174796864 - Bancolombia 1306 7173 2258 8765",
            "mollie_payment_key": "",
            "deleted_at": null,
            "alias": "vistetumascota",
            "logom": "\/uploads\/restorants\/e3e1218f-34d1-43f3-9fcb-4e74e7d2f0e4_large.jpg",
            "icon": "\/uploads\/restorants\/e3e1218f-34d1-43f3-9fcb-4e74e7d2f0e4_thumbnail.jpg",
            "coverm": "\/uploads\/restorants\/19d0d100-924d-40a8-88a5-c5403f28a37b_cover.jpg",
            "user": {
                "id": 48,
                "google_id": null,
                "fb_id": null,
                "name": "VISTE TU MASCOTA",
                "email": "webmaster@vistetumascota.com",
                "email_verified_at": null,
                "phone": "3003294751",
                "created_at": "2021-12-01T13:34:17.000000Z",
                "updated_at": "2021-12-01T16:38:38.000000Z",
                "active": "1",
                "stripe_id": null,
                "card_brand": null,
                "card_last_four": null,
                "trial_ends_at": null,
                "verification_code": null,
                "phone_verified_at": null,
                "plan_id": "2",
                "plan_status": "set_by_admin",
                "cancel_url": "",
                "update_url": "",
                "checkout_id": "",
                "subscription_plan_id": "",
                "stripe_account": "",
                "birth_date": "",
                "lat": null,
                "lng": null,
                "working": "1",
                "onorder": null,
                "numorders": "0",
                "rejectedorders": "0",
                "paypal_subscribtion_id": null,
                "mollie_customer_id": null,
                "mollie_mandate_id": null,
                "tax_percentage": "0.0000",
                "extra_billing_information": null,
                "mollie_subscribtion_id": null,
                "paystack_subscribtion_id": null,
                "paystack_trans_id": null,
                "restaurant_id": null,
                "deleted_at": null
            }
        },
        "items": [
            {
                "id": 367,
                "name": "Alimentador Para Mascotas Automatico",
                "description": "5 libras de almacenamiento de alimentos secos; Dispensador de alimentos programable\r\nF\u00e1cil de programar: Sirve hasta 3 comidas diarias\r\nControl de Porciones: sirve de 1\/4 tazas 3 tazas por comida\r\nPreocupaci\u00f3n alimentaci\u00f3n libre\r\nAyuda a prevenir la obesidad del animal dom\u00e9stico con el control de porciones * cuando se utiliza con comida de calidad y exercis adecuada\r\nRequiere 3 \"D\" pilas de tama\u00f1o (no incluido)\r\nDimensiones del producto ensamblado: 13",
                "image": "33cf57d9-ae8e-40c7-998b-2736decd6778",
                "price": "371000.00",
                "category_id": "79",
                "created_at": "2021-12-01T13:49:51.000000Z",
                "updated_at": "2022-02-23T13:06:38.000000Z",
                "available": "1",
                "has_variants": "1",
                "vat": null,
                "deleted_at": null,
                "logom": "\/uploads\/restorants\/33cf57d9-ae8e-40c7-998b-2736decd6778_large.jpg",
                "icon": "\/uploads\/restorants\/33cf57d9-ae8e-40c7-998b-2736decd6778_thumbnail.jpg",
                "short_description": "5 libras de almacenamiento de alimentos...",
                "pivot": {
                    "order_id": "665",
                    "item_id": "367",
                    "qty": "1",
                    "extras": "[\"1 Kilo mas + $20,000\"]",
                    "vat": null,
                    "vatvalue": "0.00",
                    "variant_price": "670000.00",
                    "variant_name": "10libras"
                }
            }
        ]
    },
    "msg": "Tiene una nueva orden con ID",
    "socket": null
}  
