[2022-07-25 17:32:11] prodcution.INFO: Broadcasting [neworder-event] on channels [user.81] with payload:
{
    "order": {
        "id": 660,
        "created_at": "2022-07-25T22:32:09.000000Z",
        "updated_at": "2022-07-25T22:32:09.000000Z",
        "address_id": null,
        "client_id": null,
        "restorant_id": "63",
        "driver_id": null,
        "delivery_price": "0.00",
        "order_price": "500000.00",
        "payment_method": "cod",
        "payment_status": "unpaid",
        "comment": " Cotizar",
        "lat": null,
        "lng": null,
        "srtipe_payment_id": null,
        "fee": "0.00",
        "fee_value": "0",
        "static_fee": "0.00",
        "delivery_method": "1",
        "delivery_pickup_interval": "1080_1110",
        "vatvalue": "0.00",
        "payment_processor_fee": "0.00",
        "time_to_prepare": null,
        "table_id": null,
        "phone": null,
        "whatsapp_address": "Centro de evento flora",
        "payment_link": "",
        "employee_id": null,
        "deleted_at": null,
        "md": "68264bdb65b97eeae6788aa3348e553c",
        "time_created": "25 Jul 2022 05:32 PM",
        "time_formated": "6:00 PM - 6:30 PM",
        "last_status": [
            {
                "id": 1,
                "name": "Just created",
                "alias": "just_created",
                "pivot": {
                    "order_id": "660",
                    "status_id": "1",
                    "user_id": "81",
                    "created_at": "2022-07-25T22:32:09.000000Z",
                    "comment": "Social Network order"
                }
            }
        ],
        "is_prepared": false,
        "actions": {
            "buttons": [],
            "message": "No hay acciones para ti en este momento"
        },
        "configs": {
            "client_name": "Daruin Herrera",
            "client_phone": "3174796864",
            "delivery_area_name": "Quindio"
        },
        "tableassigned": [],
        "restorant": {
            "id": 63,
            "created_at": "2022-07-07T22:00:47.000000Z",
            "updated_at": "2022-07-25T22:31:06.000000Z",
            "name": "DJ ARCE OFICIAL",
            "keyWhatsApi": "vgEP6#w(o2;l%9sQ",
            "subdomain": "dj-arce-oficial",
            "logo": "02dfa740-03a4-4768-8cf3-4764fa303d42",
            "cover": "ecf9144f-5094-4d61-9ac6-7db2bf7177cb",
            "active": "1",
            "user_id": "81",
            "lat": "4.544514065322966",
            "lng": "-75.68909733781737",
            "address": "Cra 28 # 34 - 19 Piso 3",
            "phone": "+573137063863",
            "minimum": "0",
            "description": "Artista de eventos y eventos masivos, como Dj y Locutor profesional.",
            "fee": "0.00",
            "static_fee": "0.00",
            "radius": [],
            "is_featured": "0",
            "city_id": null,
            "views": "24",
            "can_pickup": "0",
            "can_deliver": "0",
            "self_deliver": "0",
            "free_deliver": "0",
            "whatsapp_phone": "+573137063863",
            "fb_username": null,
            "do_covertion": "1",
            "currency": "COP",
            "payment_info": "",
            "mollie_payment_key": "",
            "deleted_at": null,
            "alias": "dj-arce-oficial",
            "logom": "\/uploads\/restorants\/02dfa740-03a4-4768-8cf3-4764fa303d42_large.jpg",
            "icon": "\/uploads\/restorants\/02dfa740-03a4-4768-8cf3-4764fa303d42_thumbnail.jpg",
            "coverm": "\/uploads\/restorants\/ecf9144f-5094-4d61-9ac6-7db2bf7177cb_cover.jpg",
            "user": {
                "id": 81,
                "google_id": null,
                "fb_id": null,
                "name": "comercio de prueba",
                "email": "deejayarceoficial@gmail.com",
                "email_verified_at": null,
                "phone": "3137063863",
                "created_at": "2022-07-07T22:00:47.000000Z",
                "updated_at": "2022-07-18T14:37:07.000000Z",
                "active": "1",
                "stripe_id": null,
                "card_brand": null,
                "card_last_four": null,
                "trial_ends_at": null,
                "verification_code": null,
                "phone_verified_at": null,
                "plan_id": "3",
                "plan_status": "",
                "cancel_url": "",
                "update_url": "",
                "checkout_id": "",
                "subscription_plan_id": "",
                "stripe_account": "",
                "birth_date": "",
                "lat": null,
                "lng": null,
                "working": "1",
                "onorder": null,
                "numorders": "0",
                "rejectedorders": "0",
                "paypal_subscribtion_id": null,
                "mollie_customer_id": null,
                "mollie_mandate_id": null,
                "tax_percentage": "0.0000",
                "extra_billing_information": null,
                "mollie_subscribtion_id": null,
                "paystack_subscribtion_id": null,
                "paystack_trans_id": null,
                "restaurant_id": null,
                "deleted_at": null
            }
        },
        "items": [
            {
                "id": 563,
                "name": "Dj Profesional",
                "description": "Evento con tematica crossover y animacion con un total de 8 horas.",
                "image": "ca0ee7a1-ec1b-4b0f-8af8-538be0230939",
                "price": "500000.00",
                "category_id": "135",
                "created_at": "2022-07-18T14:18:59.000000Z",
                "updated_at": "2022-07-18T14:45:36.000000Z",
                "available": "1",
                "has_variants": "0",
                "vat": null,
                "deleted_at": null,
                "logom": "\/uploads\/restorants\/ca0ee7a1-ec1b-4b0f-8af8-538be0230939_large.jpg",
                "icon": "\/uploads\/restorants\/ca0ee7a1-ec1b-4b0f-8af8-538be0230939_thumbnail.jpg",
                "short_description": "Evento con tematica crossover y...",
                "pivot": {
                    "order_id": "660",
                    "item_id": "563",
                    "qty": "1",
                    "extras": "[]",
                    "vat": null,
                    "vatvalue": "0.00",
                    "variant_price": "500000.00",
                    "variant_name": ""
                }
            }
        ]
    },
    "msg": "Tiene una nueva orden con ID",
    "socket": null
}  
