[2022-07-28 07:38:37] prodcution.ERROR: SQLSTATE[23000]: Integrity constraint violation: 1451 Cannot delete or update a parent row: a foreign key constraint fails (`positivo_whatsapp`.`items`, CONSTRAINT `items_category_id_foreign` FOREIGN KEY (`category_id`) REFERENCES `categories` (`id`)) (SQL: delete from `categories` where `id` = 135) {"userId":81,"exception":"[object] (Illuminate\\Database\\QueryException(code: 23000): SQLSTATE[23000]: Integrity constraint violation: 1451 Cannot delete or update a parent row: a foreign key constraint fails (`positivo_whatsapp`.`items`, CONSTRAINT `items_category_id_foreign` FOREIGN KEY (`category_id`) REFERENCES `categories` (`id`)) (SQL: delete from `categories` where `id` = 135) at /home/positivo/whatsapp.positivo.co/vendor/laravel/framework/src/Illuminate/Database/Connection.php:678)
[stacktrace]
#0 /home/positivo/whatsapp.positivo.co/vendor/laravel/framework/src/Illuminate/Database/Connection.php(638): Illuminate\\Database\\Connection->runQueryCallback('delete from `ca...', Array, Object(Closure))
#1 /home/positivo/whatsapp.positivo.co/vendor/laravel/framework/src/Illuminate/Database/Connection.php(503): Illuminate\\Database\\Connection->run('delete from `ca...', Array, Object(Closure))
#2 /home/positivo/whatsapp.positivo.co/vendor/laravel/framework/src/Illuminate/Database/Connection.php(448): Illuminate\\Database\\Connection->affectingStatement('delete from `ca...', Array)
#3 /home/positivo/whatsapp.positivo.co/vendor/laravel/framework/src/Illuminate/Database/Query/Builder.php(3043): Illuminate\\Database\\Connection->delete('delete from `ca...', Array)
#4 /home/positivo/whatsapp.positivo.co/vendor/laravel/framework/src/Illuminate/Database/Eloquent/Builder.php(979): Illuminate\\Database\\Query\\Builder->delete()
#5 /home/positivo/whatsapp.positivo.co/vendor/laravel/framework/src/Illuminate/Database/Eloquent/Model.php(1150): Illuminate\\Database\\Eloquent\\Builder->delete()
#6 /home/positivo/whatsapp.positivo.co/vendor/laravel/framework/src/Illuminate/Database/Eloquent/Model.php(1121): Illuminate\\Database\\Eloquent\\Model->performDeleteOnModel()
#7 /home/positivo/whatsapp.positivo.co/app/Http/Controllers/CategoriesController.php(101): Illuminate\\Database\\Eloquent\\Model->delete()
#8 /home/positivo/whatsapp.positivo.co/vendor/laravel/framework/src/Illuminate/Routing/Controller.php(54): App\\Http\\Controllers\\CategoriesController->destroy(Object(App\\Categories))
#9 /home/positivo/whatsapp.positivo.co/vendor/laravel/framework/src/Illuminate/Routing/ControllerDispatcher.php(45): Illuminate\\Routing\\Controller->callAction('destroy', Array)
#10 /home/positivo/whatsapp.positivo.co/vendor/laravel/framework/src/Illuminate/Routing/Route.php(254): Illuminate\\Routing\\ControllerDispatcher->dispatch(Object(Illuminate\\Routing\\Route), Object(App\\Http\\Controllers\\CategoriesController), 'destroy')
#11 /home/positivo/whatsapp.positivo.co/vendor/laravel/framework/src/Illuminate/Routing/Route.php(197): Illuminate\\Routing\\Route->runController()
#12 /home/positivo/whatsapp.positivo.co/vendor/laravel/framework/src/Illuminate/Routing/Router.php(693): Illuminate\\Routing\\Route->run()
#13 /home/positivo/whatsapp.positivo.co/vendor/laravel/framework/src/Illuminate/Pipeline/Pipeline.php(128): Illuminate\\Routing\\Router->Illuminate\\Routing\\{closure}(Object(Illuminate\\Http\\Request))
#14 /home/positivo/whatsapp.positivo.co/vendor/laravel/framework/src/Illuminate/Routing/Middleware/SubstituteBindings.php(50): Illuminate\\Pipeline\\Pipeline->Illuminate\\Pipeline\\{closure}(Object(Illuminate\\Http\\Request))
#15 /home/positivo/whatsapp.positivo.co/vendor/laravel/framework/src/Illuminate/Pipeline/Pipeline.php(167): Illuminate\\Routing\\Middleware\\SubstituteBindings->handle(Object(Illuminate\\Http\\Request), Object(Closure))
#16 /home/positivo/whatsapp.positivo.co/vendor/laravel/framework/src/Illuminate/Auth/Middleware/Authenticate.php(44): Illuminate\\Pipeline\\Pipeline->Illuminate\\Pipeline\\{closure}(Object(Illuminate\\Http\\Request))
#17 /home/positivo/whatsapp.positivo.co/vendor/laravel/framework/src/Illuminate/Pipeline/Pipeline.php(167): Illuminate\\Auth\\Middleware\\Authenticate->handle(Object(Illuminate\\Http\\Request), Object(Closure))
#18 /home/positivo/whatsapp.positivo.co/vendor/laravel/framework/src/Illuminate/Foundation/Http/Middleware/VerifyCsrfToken.php(78): Illuminate\\Pipeline\\Pipeline->Illuminate\\Pipeline\\{closure}(Object(Illuminate\\Http\\Request))
#19 /home/positivo/whatsapp.positivo.co/vendor/laravel/framework/src/Illuminate/Pipeline/Pipeline.php(167): Illuminate\\Foundation\\Http\\Middleware\\VerifyCsrfToken->handle(Object(Illuminate\\Http\\Request), Object(Closure))
#20 /home/positivo/whatsapp.positivo.co/vendor/laravel/framework/src/Illuminate/View/Middleware/ShareErrorsFromSession.php(49): Illuminate\\Pipeline\\Pipeline->Illuminate\\Pipeline\\{closure}(Object(Illuminate\\Http\\Request))
#21 /home/positivo/whatsapp.positivo.co/vendor/laravel/framework/src/Illuminate/Pipeline/Pipeline.php(167): Illuminate\\View\\Middleware\\ShareErrorsFromSession->handle(Object(Illuminate\\Http\\Request), Object(Closure))
#22 /home/positivo/whatsapp.positivo.co/app/Http/Middleware/Language.php(32): Illuminate\\Pipeline\\Pipeline->Illuminate\\Pipeline\\{closure}(Object(Illuminate\\Http\\Request))
#23 /home/positivo/whatsapp.positivo.co/vendor/laravel/framework/src/Illuminate/Pipeline/Pipeline.php(167): App\\Http\\Middleware\\Language->handle(Object(Illuminate\\Http\\Request), Object(Closure))
#24 /home/positivo/whatsapp.positivo.co/vendor/laravel/framework/src/Illuminate/Session/Middleware/StartSession.php(121): Illuminate\\Pipeline\\Pipeline->Illuminate\\Pipeline\\{closure}(Object(Illuminate\\Http\\Request))
#25 /home/positivo/whatsapp.positivo.co/vendor/laravel/framework/src/Illuminate/Session/Middleware/StartSession.php(63): Illuminate\\Session\\Middleware\\StartSession->handleStatefulRequest(Object(Illuminate\\Http\\Request), Object(Illuminate\\Session\\Store), Object(Closure))
#26 /home/positivo/whatsapp.positivo.co/vendor/laravel/framework/src/Illuminate/Pipeline/Pipeline.php(167): Illuminate\\Session\\Middleware\\StartSession->handle(Object(Illuminate\\Http\\Request), Object(Closure))
#27 /home/positivo/whatsapp.positivo.co/vendor/laravel/framework/src/Illuminate/Cookie/Middleware/AddQueuedCookiesToResponse.php(37): Illuminate\\Pipeline\\Pipeline->Illuminate\\Pipeline\\{closure}(Object(Illuminate\\Http\\Request))
#28 /home/positivo/whatsapp.positivo.co/vendor/laravel/framework/src/Illuminate/Pipeline/Pipeline.php(167): Illuminate\\Cookie\\Middleware\\AddQueuedCookiesToResponse->handle(Object(Illuminate\\Http\\Request), Object(Closure))
#29 /home/positivo/whatsapp.positivo.co/vendor/laravel/framework/src/Illuminate/Cookie/Middleware/EncryptCookies.php(67): Illuminate\\Pipeline\\Pipeline->Illuminate\\Pipeline\\{closure}(Object(Illuminate\\Http\\Request))
#30 /home/positivo/whatsapp.positivo.co/vendor/laravel/framework/src/Illuminate/Pipeline/Pipeline.php(167): Illuminate\\Cookie\\Middleware\\EncryptCookies->handle(Object(Illuminate\\Http\\Request), Object(Closure))
#31 /home/positivo/whatsapp.positivo.co/vendor/mobidonia/laravel-dashboard-installer/src/Middleware/ToInstallMiddleware.php(23): Illuminate\\Pipeline\\Pipeline->Illuminate\\Pipeline\\{closure}(Object(Illuminate\\Http\\Request))
#32 /home/positivo/whatsapp.positivo.co/vendor/laravel/framework/src/Illuminate/Pipeline/Pipeline.php(167): dacoto\\LaravelInstaller\\Middleware\\ToInstallMiddleware->handle(Object(Illuminate\\Http\\Request), Object(Closure))
#33 /home/positivo/whatsapp.positivo.co/vendor/laravel/framework/src/Illuminate/Pipeline/Pipeline.php(103): Illuminate\\Pipeline\\Pipeline->Illuminate\\Pipeline\\{closure}(Object(Illuminate\\Http\\Request))
#34 /home/positivo/whatsapp.positivo.co/vendor/laravel/framework/src/Illuminate/Routing/Router.php(695): Illuminate\\Pipeline\\Pipeline->then(Object(Closure))
#35 /home/positivo/whatsapp.positivo.co/vendor/laravel/framework/src/Illuminate/Routing/Router.php(670): Illuminate\\Routing\\Router->runRouteWithinStack(Object(Illuminate\\Routing\\Route), Object(Illuminate\\Http\\Request))
#36 /home/positivo/whatsapp.positivo.co/vendor/laravel/framework/src/Illuminate/Routing/Router.php(636): Illuminate\\Routing\\Router->runRoute(Object(Illuminate\\Http\\Request), Object(Illuminate\\Routing\\Route))
#37 /home/positivo/whatsapp.positivo.co/vendor/laravel/framework/src/Illuminate/Routing/Router.php(625): Illuminate\\Routing\\Router->dispatchToRoute(Object(Illuminate\\Http\\Request))
#38 /home/positivo/whatsapp.positivo.co/vendor/laravel/framework/src/Illuminate/Foundation/Http/Kernel.php(166): Illuminate\\Routing\\Router->dispatch(Object(Illuminate\\Http\\Request))
#39 /home/positivo/whatsapp.positivo.co/vendor/laravel/framework/src/Illuminate/Pipeline/Pipeline.php(128): Illuminate\\Foundation\\Http\\Kernel->Illuminate\\Foundation\\Http\\{closure}(Object(Illuminate\\Http\\Request))
#40 /home/positivo/whatsapp.positivo.co/vendor/barryvdh/laravel-debugbar/src/Middleware/InjectDebugbar.php(60): Illuminate\\Pipeline\\Pipeline->Illuminate\\Pipeline\\{closure}(Object(Illuminate\\Http\\Request))
#41 /home/positivo/whatsapp.positivo.co/vendor/laravel/framework/src/Illuminate/Pipeline/Pipeline.php(167): Barryvdh\\Debugbar\\Middleware\\InjectDebugbar->handle(Object(Illuminate\\Http\\Request), Object(Closure))
#42 /home/positivo/whatsapp.positivo.co/vendor/laravel/framework/src/Illuminate/Foundation/Http/Middleware/TransformsRequest.php(21): Illuminate\\Pipeline\\Pipeline->Illuminate\\Pipeline\\{closure}(Object(Illuminate\\Http\\Request))
#43 /home/positivo/whatsapp.positivo.co/vendor/laravel/framework/src/Illuminate/Pipeline/Pipeline.php(167): Illuminate\\Foundation\\Http\\Middleware\\TransformsRequest->handle(Object(Illuminate\\Http\\Request), Object(Closure))
#44 /home/positivo/whatsapp.positivo.co/vendor/laravel/framework/src/Illuminate/Foundation/Http/Middleware/TransformsRequest.php(21): Illuminate\\Pipeline\\Pipeline->Illuminate\\Pipeline\\{closure}(Object(Illuminate\\Http\\Request))
#45 /home/positivo/whatsapp.positivo.co/vendor/laravel/framework/src/Illuminate/Pipeline/Pipeline.php(167): Illuminate\\Foundation\\Http\\Middleware\\TransformsRequest->handle(Object(Illuminate\\Http\\Request), Object(Closure))
#46 /home/positivo/whatsapp.positivo.co/vendor/laravel/framework/src/Illuminate/Foundation/Http/Middleware/ValidatePostSize.php(27): Illuminate\\Pipeline\\Pipeline->Illuminate\\Pipeline\\{closure}(Object(Illuminate\\Http\\Request))
#47 /home/positivo/whatsapp.positivo.co/vendor/laravel/framework/src/Illuminate/Pipeline/Pipeline.php(167): Illuminate\\Foundation\\Http\\Middleware\\ValidatePostSize->handle(Object(Illuminate\\Http\\Request), Object(Closure))
#48 /home/positivo/whatsapp.positivo.co/vendor/laravel/framework/src/Illuminate/Foundation/Http/Middleware/PreventRequestsDuringMaintenance.php(86): Illuminate\\Pipeline\\Pipeline->Illuminate\\Pipeline\\{closure}(Object(Illuminate\\Http\\Request))
#49 /home/positivo/whatsapp.positivo.co/vendor/laravel/framework/src/Illuminate/Pipeline/Pipeline.php(167): Illuminate\\Foundation\\Http\\Middleware\\PreventRequestsDuringMaintenance->handle(Object(Illuminate\\Http\\Request), Object(Closure))
#50 /home/positivo/whatsapp.positivo.co/vendor/fruitcake/laravel-cors/src/HandleCors.php(37): Illuminate\\Pipeline\\Pipeline->Illuminate\\Pipeline\\{closure}(Object(Illuminate\\Http\\Request))
#51 /home/positivo/whatsapp.positivo.co/vendor/laravel/framework/src/Illuminate/Pipeline/Pipeline.php(167): Fruitcake\\Cors\\HandleCors->handle(Object(Illuminate\\Http\\Request), Object(Closure))
#52 /home/positivo/whatsapp.positivo.co/vendor/fideloper/proxy/src/TrustProxies.php(57): Illuminate\\Pipeline\\Pipeline->Illuminate\\Pipeline\\{closure}(Object(Illuminate\\Http\\Request))
#53 /home/positivo/whatsapp.positivo.co/vendor/laravel/framework/src/Illuminate/Pipeline/Pipeline.php(167): Fideloper\\Proxy\\TrustProxies->handle(Object(Illuminate\\Http\\Request), Object(Closure))
#54 /home/positivo/whatsapp.positivo.co/vendor/laravel/framework/src/Illuminate/Pipeline/Pipeline.php(103): Illuminate\\Pipeline\\Pipeline->Illuminate\\Pipeline\\{closure}(Object(Illuminate\\Http\\Request))
#55 /home/positivo/whatsapp.positivo.co/vendor/laravel/framework/src/Illuminate/Foundation/Http/Kernel.php(141): Illuminate\\Pipeline\\Pipeline->then(Object(Closure))
#56 /home/positivo/whatsapp.positivo.co/vendor/laravel/framework/src/Illuminate/Foundation/Http/Kernel.php(110): Illuminate\\Foundation\\Http\\Kernel->sendRequestThroughRouter(Object(Illuminate\\Http\\Request))
#57 /home/positivo/whatsapp.positivo.co/public/index.php(52): Illuminate\\Foundation\\Http\\Kernel->handle(Object(Illuminate\\Http\\Request))
#58 {main}

[previous exception] [object] (Doctrine\\DBAL\\Driver\\PDO\\Exception(code: 23000): SQLSTATE[23000]: Integrity constraint violation: 1451 Cannot delete or update a parent row: a foreign key constraint fails (`positivo_whatsapp`.`items`, CONSTRAINT `items_category_id_foreign` FOREIGN KEY (`category_id`) REFERENCES `categories` (`id`)) at /home/positivo/whatsapp.positivo.co/vendor/doctrine/dbal/lib/Doctrine/DBAL/Driver/PDO/Exception.php:18)
[stacktrace]
#0 /home/positivo/whatsapp.positivo.co/vendor/doctrine/dbal/lib/Doctrine/DBAL/Driver/PDOStatement.php(117): Doctrine\\DBAL\\Driver\\PDO\\Exception::new(Object(PDOException))
#1 /home/positivo/whatsapp.positivo.co/vendor/laravel/framework/src/Illuminate/Database/Connection.php(496): Doctrine\\DBAL\\Driver\\PDOStatement->execute()
#2 /home/positivo/whatsapp.positivo.co/vendor/laravel/framework/src/Illuminate/Database/Connection.php(671): Illuminate\\Database\\Connection->Illuminate\\Database\\{closure}('delete from `ca...', Array)
#3 /home/positivo/whatsapp.positivo.co/vendor/laravel/framework/src/Illuminate/Database/Connection.php(638): Illuminate\\Database\\Connection->runQueryCallback('delete from `ca...', Array, Object(Closure))
#4 /home/positivo/whatsapp.positivo.co/vendor/laravel/framework/src/Illuminate/Database/Connection.php(503): Illuminate\\Database\\Connection->run('delete from `ca...', Array, Object(Closure))
#5 /home/positivo/whatsapp.positivo.co/vendor/laravel/framework/src/Illuminate/Database/Connection.php(448): Illuminate\\Database\\Connection->affectingStatement('delete from `ca...', Array)
#6 /home/positivo/whatsapp.positivo.co/vendor/laravel/framework/src/Illuminate/Database/Query/Builder.php(3043): Illuminate\\Database\\Connection->delete('delete from `ca...', Array)
#7 /home/positivo/whatsapp.positivo.co/vendor/laravel/framework/src/Illuminate/Database/Eloquent/Builder.php(979): Illuminate\\Database\\Query\\Builder->delete()
#8 /home/positivo/whatsapp.positivo.co/vendor/laravel/framework/src/Illuminate/Database/Eloquent/Model.php(1150): Illuminate\\Database\\Eloquent\\Builder->delete()
#9 /home/positivo/whatsapp.positivo.co/vendor/laravel/framework/src/Illuminate/Database/Eloquent/Model.php(1121): Illuminate\\Database\\Eloquent\\Model->performDeleteOnModel()
#10 /home/positivo/whatsapp.positivo.co/app/Http/Controllers/CategoriesController.php(101): Illuminate\\Database\\Eloquent\\Model->delete()
#11 /home/positivo/whatsapp.positivo.co/vendor/laravel/framework/src/Illuminate/Routing/Controller.php(54): App\\Http\\Controllers\\CategoriesController->destroy(Object(App\\Categories))
#12 /home/positivo/whatsapp.positivo.co/vendor/laravel/framework/src/Illuminate/Routing/ControllerDispatcher.php(45): Illuminate\\Routing\\Controller->callAction('destroy', Array)
#13 /home/positivo/whatsapp.positivo.co/vendor/laravel/framework/src/Illuminate/Routing/Route.php(254): Illuminate\\Routing\\ControllerDispatcher->dispatch(Object(Illuminate\\Routing\\Route), Object(App\\Http\\Controllers\\CategoriesController), 'destroy')
#14 /home/positivo/whatsapp.positivo.co/vendor/laravel/framework/src/Illuminate/Routing/Route.php(197): Illuminate\\Routing\\Route->runController()
#15 /home/positivo/whatsapp.positivo.co/vendor/laravel/framework/src/Illuminate/Routing/Router.php(693): Illuminate\\Routing\\Route->run()
#16 /home/positivo/whatsapp.positivo.co/vendor/laravel/framework/src/Illuminate/Pipeline/Pipeline.php(128): Illuminate\\Routing\\Router->Illuminate\\Routing\\{closure}(Object(Illuminate\\Http\\Request))
#17 /home/positivo/whatsapp.positivo.co/vendor/laravel/framework/src/Illuminate/Routing/Middleware/SubstituteBindings.php(50): Illuminate\\Pipeline\\Pipeline->Illuminate\\Pipeline\\{closure}(Object(Illuminate\\Http\\Request))
#18 /home/positivo/whatsapp.positivo.co/vendor/laravel/framework/src/Illuminate/Pipeline/Pipeline.php(167): Illuminate\\Routing\\Middleware\\SubstituteBindings->handle(Object(Illuminate\\Http\\Request), Object(Closure))
#19 /home/positivo/whatsapp.positivo.co/vendor/laravel/framework/src/Illuminate/Auth/Middleware/Authenticate.php(44): Illuminate\\Pipeline\\Pipeline->Illuminate\\Pipeline\\{closure}(Object(Illuminate\\Http\\Request))
#20 /home/positivo/whatsapp.positivo.co/vendor/laravel/framework/src/Illuminate/Pipeline/Pipeline.php(167): Illuminate\\Auth\\Middleware\\Authenticate->handle(Object(Illuminate\\Http\\Request), Object(Closure))
#21 /home/positivo/whatsapp.positivo.co/vendor/laravel/framework/src/Illuminate/Foundation/Http/Middleware/VerifyCsrfToken.php(78): Illuminate\\Pipeline\\Pipeline->Illuminate\\Pipeline\\{closure}(Object(Illuminate\\Http\\Request))
#22 /home/positivo/whatsapp.positivo.co/vendor/laravel/framework/src/Illuminate/Pipeline/Pipeline.php(167): Illuminate\\Foundation\\Http\\Middleware\\VerifyCsrfToken->handle(Object(Illuminate\\Http\\Request), Object(Closure))
#23 /home/positivo/whatsapp.positivo.co/vendor/laravel/framework/src/Illuminate/View/Middleware/ShareErrorsFromSession.php(49): Illuminate\\Pipeline\\Pipeline->Illuminate\\Pipeline\\{closure}(Object(Illuminate\\Http\\Request))
#24 /home/positivo/whatsapp.positivo.co/vendor/laravel/framework/src/Illuminate/Pipeline/Pipeline.php(167): Illuminate\\View\\Middleware\\ShareErrorsFromSession->handle(Object(Illuminate\\Http\\Request), Object(Closure))
#25 /home/positivo/whatsapp.positivo.co/app/Http/Middleware/Language.php(32): Illuminate\\Pipeline\\Pipeline->Illuminate\\Pipeline\\{closure}(Object(Illuminate\\Http\\Request))
#26 /home/positivo/whatsapp.positivo.co/vendor/laravel/framework/src/Illuminate/Pipeline/Pipeline.php(167): App\\Http\\Middleware\\Language->handle(Object(Illuminate\\Http\\Request), Object(Closure))
#27 /home/positivo/whatsapp.positivo.co/vendor/laravel/framework/src/Illuminate/Session/Middleware/StartSession.php(121): Illuminate\\Pipeline\\Pipeline->Illuminate\\Pipeline\\{closure}(Object(Illuminate\\Http\\Request))
#28 /home/positivo/whatsapp.positivo.co/vendor/laravel/framework/src/Illuminate/Session/Middleware/StartSession.php(63): Illuminate\\Session\\Middleware\\StartSession->handleStatefulRequest(Object(Illuminate\\Http\\Request), Object(Illuminate\\Session\\Store), Object(Closure))
#29 /home/positivo/whatsapp.positivo.co/vendor/laravel/framework/src/Illuminate/Pipeline/Pipeline.php(167): Illuminate\\Session\\Middleware\\StartSession->handle(Object(Illuminate\\Http\\Request), Object(Closure))
#30 /home/positivo/whatsapp.positivo.co/vendor/laravel/framework/src/Illuminate/Cookie/Middleware/AddQueuedCookiesToResponse.php(37): Illuminate\\Pipeline\\Pipeline->Illuminate\\Pipeline\\{closure}(Object(Illuminate\\Http\\Request))
#31 /home/positivo/whatsapp.positivo.co/vendor/laravel/framework/src/Illuminate/Pipeline/Pipeline.php(167): Illuminate\\Cookie\\Middleware\\AddQueuedCookiesToResponse->handle(Object(Illuminate\\Http\\Request), Object(Closure))
#32 /home/positivo/whatsapp.positivo.co/vendor/laravel/framework/src/Illuminate/Cookie/Middleware/EncryptCookies.php(67): Illuminate\\Pipeline\\Pipeline->Illuminate\\Pipeline\\{closure}(Object(Illuminate\\Http\\Request))
#33 /home/positivo/whatsapp.positivo.co/vendor/laravel/framework/src/Illuminate/Pipeline/Pipeline.php(167): Illuminate\\Cookie\\Middleware\\EncryptCookies->handle(Object(Illuminate\\Http\\Request), Object(Closure))
#34 /home/positivo/whatsapp.positivo.co/vendor/mobidonia/laravel-dashboard-installer/src/Middleware/ToInstallMiddleware.php(23): Illuminate\\Pipeline\\Pipeline->Illuminate\\Pipeline\\{closure}(Object(Illuminate\\Http\\Request))
#35 /home/positivo/whatsapp.positivo.co/vendor/laravel/framework/src/Illuminate/Pipeline/Pipeline.php(167): dacoto\\LaravelInstaller\\Middleware\\ToInstallMiddleware->handle(Object(Illuminate\\Http\\Request), Object(Closure))
#36 /home/positivo/whatsapp.positivo.co/vendor/laravel/framework/src/Illuminate/Pipeline/Pipeline.php(103): Illuminate\\Pipeline\\Pipeline->Illuminate\\Pipeline\\{closure}(Object(Illuminate\\Http\\Request))
#37 /home/positivo/whatsapp.positivo.co/vendor/laravel/framework/src/Illuminate/Routing/Router.php(695): Illuminate\\Pipeline\\Pipeline->then(Object(Closure))
#38 /home/positivo/whatsapp.positivo.co/vendor/laravel/framework/src/Illuminate/Routing/Router.php(670): Illuminate\\Routing\\Router->runRouteWithinStack(Object(Illuminate\\Routing\\Route), Object(Illuminate\\Http\\Request))
#39 /home/positivo/whatsapp.positivo.co/vendor/laravel/framework/src/Illuminate/Routing/Router.php(636): Illuminate\\Routing\\Router->runRoute(Object(Illuminate\\Http\\Request), Object(Illuminate\\Routing\\Route))
#40 /home/positivo/whatsapp.positivo.co/vendor/laravel/framework/src/Illuminate/Routing/Router.php(625): Illuminate\\Routing\\Router->dispatchToRoute(Object(Illuminate\\Http\\Request))
#41 /home/positivo/whatsapp.positivo.co/vendor/laravel/framework/src/Illuminate/Foundation/Http/Kernel.php(166): Illuminate\\Routing\\Router->dispatch(Object(Illuminate\\Http\\Request))
#42 /home/positivo/whatsapp.positivo.co/vendor/laravel/framework/src/Illuminate/Pipeline/Pipeline.php(128): Illuminate\\Foundation\\Http\\Kernel->Illuminate\\Foundation\\Http\\{closure}(Object(Illuminate\\Http\\Request))
#43 /home/positivo/whatsapp.positivo.co/vendor/barryvdh/laravel-debugbar/src/Middleware/InjectDebugbar.php(60): Illuminate\\Pipeline\\Pipeline->Illuminate\\Pipeline\\{closure}(Object(Illuminate\\Http\\Request))
#44 /home/positivo/whatsapp.positivo.co/vendor/laravel/framework/src/Illuminate/Pipeline/Pipeline.php(167): Barryvdh\\Debugbar\\Middleware\\InjectDebugbar->handle(Object(Illuminate\\Http\\Request), Object(Closure))
#45 /home/positivo/whatsapp.positivo.co/vendor/laravel/framework/src/Illuminate/Foundation/Http/Middleware/TransformsRequest.php(21): Illuminate\\Pipeline\\Pipeline->Illuminate\\Pipeline\\{closure}(Object(Illuminate\\Http\\Request))
#46 /home/positivo/whatsapp.positivo.co/vendor/laravel/framework/src/Illuminate/Pipeline/Pipeline.php(167): Illuminate\\Foundation\\Http\\Middleware\\TransformsRequest->handle(Object(Illuminate\\Http\\Request), Object(Closure))
#47 /home/positivo/whatsapp.positivo.co/vendor/laravel/framework/src/Illuminate/Foundation/Http/Middleware/TransformsRequest.php(21): Illuminate\\Pipeline\\Pipeline->Illuminate\\Pipeline\\{closure}(Object(Illuminate\\Http\\Request))
#48 /home/positivo/whatsapp.positivo.co/vendor/laravel/framework/src/Illuminate/Pipeline/Pipeline.php(167): Illuminate\\Foundation\\Http\\Middleware\\TransformsRequest->handle(Object(Illuminate\\Http\\Request), Object(Closure))
#49 /home/positivo/whatsapp.positivo.co/vendor/laravel/framework/src/Illuminate/Foundation/Http/Middleware/ValidatePostSize.php(27): Illuminate\\Pipeline\\Pipeline->Illuminate\\Pipeline\\{closure}(Object(Illuminate\\Http\\Request))
#50 /home/positivo/whatsapp.positivo.co/vendor/laravel/framework/src/Illuminate/Pipeline/Pipeline.php(167): Illuminate\\Foundation\\Http\\Middleware\\ValidatePostSize->handle(Object(Illuminate\\Http\\Request), Object(Closure))
#51 /home/positivo/whatsapp.positivo.co/vendor/laravel/framework/src/Illuminate/Foundation/Http/Middleware/PreventRequestsDuringMaintenance.php(86): Illuminate\\Pipeline\\Pipeline->Illuminate\\Pipeline\\{closure}(Object(Illuminate\\Http\\Request))
#52 /home/positivo/whatsapp.positivo.co/vendor/laravel/framework/src/Illuminate/Pipeline/Pipeline.php(167): Illuminate\\Foundation\\Http\\Middleware\\PreventRequestsDuringMaintenance->handle(Object(Illuminate\\Http\\Request), Object(Closure))
#53 /home/positivo/whatsapp.positivo.co/vendor/fruitcake/laravel-cors/src/HandleCors.php(37): Illuminate\\Pipeline\\Pipeline->Illuminate\\Pipeline\\{closure}(Object(Illuminate\\Http\\Request))
#54 /home/positivo/whatsapp.positivo.co/vendor/laravel/framework/src/Illuminate/Pipeline/Pipeline.php(167): Fruitcake\\Cors\\HandleCors->handle(Object(Illuminate\\Http\\Request), Object(Closure))
#55 /home/positivo/whatsapp.positivo.co/vendor/fideloper/proxy/src/TrustProxies.php(57): Illuminate\\Pipeline\\Pipeline->Illuminate\\Pipeline\\{closure}(Object(Illuminate\\Http\\Request))
#56 /home/positivo/whatsapp.positivo.co/vendor/laravel/framework/src/Illuminate/Pipeline/Pipeline.php(167): Fideloper\\Proxy\\TrustProxies->handle(Object(Illuminate\\Http\\Request), Object(Closure))
#57 /home/positivo/whatsapp.positivo.co/vendor/laravel/framework/src/Illuminate/Pipeline/Pipeline.php(103): Illuminate\\Pipeline\\Pipeline->Illuminate\\Pipeline\\{closure}(Object(Illuminate\\Http\\Request))
#58 /home/positivo/whatsapp.positivo.co/vendor/laravel/framework/src/Illuminate/Foundation/Http/Kernel.php(141): Illuminate\\Pipeline\\Pipeline->then(Object(Closure))
#59 /home/positivo/whatsapp.positivo.co/vendor/laravel/framework/src/Illuminate/Foundation/Http/Kernel.php(110): Illuminate\\Foundation\\Http\\Kernel->sendRequestThroughRouter(Object(Illuminate\\Http\\Request))
#60 /home/positivo/whatsapp.positivo.co/public/index.php(52): Illuminate\\Foundation\\Http\\Kernel->handle(Object(Illuminate\\Http\\Request))
#61 {main}

[previous exception] [object] (PDOException(code: 23000): SQLSTATE[23000]: Integrity constraint violation: 1451 Cannot delete or update a parent row: a foreign key constraint fails (`positivo_whatsapp`.`items`, CONSTRAINT `items_category_id_foreign` FOREIGN KEY (`category_id`) REFERENCES `categories` (`id`)) at /home/positivo/whatsapp.positivo.co/vendor/doctrine/dbal/lib/Doctrine/DBAL/Driver/PDOStatement.php:115)
[stacktrace]
#0 /home/positivo/whatsapp.positivo.co/vendor/doctrine/dbal/lib/Doctrine/DBAL/Driver/PDOStatement.php(115): PDOStatement->execute(NULL)
#1 /home/positivo/whatsapp.positivo.co/vendor/laravel/framework/src/Illuminate/Database/Connection.php(496): Doctrine\\DBAL\\Driver\\PDOStatement->execute()
#2 /home/positivo/whatsapp.positivo.co/vendor/laravel/framework/src/Illuminate/Database/Connection.php(671): Illuminate\\Database\\Connection->Illuminate\\Database\\{closure}('delete from `ca...', Array)
#3 /home/positivo/whatsapp.positivo.co/vendor/laravel/framework/src/Illuminate/Database/Connection.php(638): Illuminate\\Database\\Connection->runQueryCallback('delete from `ca...', Array, Object(Closure))
#4 /home/positivo/whatsapp.positivo.co/vendor/laravel/framework/src/Illuminate/Database/Connection.php(503): Illuminate\\Database\\Connection->run('delete from `ca...', Array, Object(Closure))
#5 /home/positivo/whatsapp.positivo.co/vendor/laravel/framework/src/Illuminate/Database/Connection.php(448): Illuminate\\Database\\Connection->affectingStatement('delete from `ca...', Array)
#6 /home/positivo/whatsapp.positivo.co/vendor/laravel/framework/src/Illuminate/Database/Query/Builder.php(3043): Illuminate\\Database\\Connection->delete('delete from `ca...', Array)
#7 /home/positivo/whatsapp.positivo.co/vendor/laravel/framework/src/Illuminate/Database/Eloquent/Builder.php(979): Illuminate\\Database\\Query\\Builder->delete()
#8 /home/positivo/whatsapp.positivo.co/vendor/laravel/framework/src/Illuminate/Database/Eloquent/Model.php(1150): Illuminate\\Database\\Eloquent\\Builder->delete()
#9 /home/positivo/whatsapp.positivo.co/vendor/laravel/framework/src/Illuminate/Database/Eloquent/Model.php(1121): Illuminate\\Database\\Eloquent\\Model->performDeleteOnModel()
#10 /home/positivo/whatsapp.positivo.co/app/Http/Controllers/CategoriesController.php(101): Illuminate\\Database\\Eloquent\\Model->delete()
#11 /home/positivo/whatsapp.positivo.co/vendor/laravel/framework/src/Illuminate/Routing/Controller.php(54): App\\Http\\Controllers\\CategoriesController->destroy(Object(App\\Categories))
#12 /home/positivo/whatsapp.positivo.co/vendor/laravel/framework/src/Illuminate/Routing/ControllerDispatcher.php(45): Illuminate\\Routing\\Controller->callAction('destroy', Array)
#13 /home/positivo/whatsapp.positivo.co/vendor/laravel/framework/src/Illuminate/Routing/Route.php(254): Illuminate\\Routing\\ControllerDispatcher->dispatch(Object(Illuminate\\Routing\\Route), Object(App\\Http\\Controllers\\CategoriesController), 'destroy')
#14 /home/positivo/whatsapp.positivo.co/vendor/laravel/framework/src/Illuminate/Routing/Route.php(197): Illuminate\\Routing\\Route->runController()
#15 /home/positivo/whatsapp.positivo.co/vendor/laravel/framework/src/Illuminate/Routing/Router.php(693): Illuminate\\Routing\\Route->run()
#16 /home/positivo/whatsapp.positivo.co/vendor/laravel/framework/src/Illuminate/Pipeline/Pipeline.php(128): Illuminate\\Routing\\Router->Illuminate\\Routing\\{closure}(Object(Illuminate\\Http\\Request))
#17 /home/positivo/whatsapp.positivo.co/vendor/laravel/framework/src/Illuminate/Routing/Middleware/SubstituteBindings.php(50): Illuminate\\Pipeline\\Pipeline->Illuminate\\Pipeline\\{closure}(Object(Illuminate\\Http\\Request))
#18 /home/positivo/whatsapp.positivo.co/vendor/laravel/framework/src/Illuminate/Pipeline/Pipeline.php(167): Illuminate\\Routing\\Middleware\\SubstituteBindings->handle(Object(Illuminate\\Http\\Request), Object(Closure))
#19 /home/positivo/whatsapp.positivo.co/vendor/laravel/framework/src/Illuminate/Auth/Middleware/Authenticate.php(44): Illuminate\\Pipeline\\Pipeline->Illuminate\\Pipeline\\{closure}(Object(Illuminate\\Http\\Request))
#20 /home/positivo/whatsapp.positivo.co/vendor/laravel/framework/src/Illuminate/Pipeline/Pipeline.php(167): Illuminate\\Auth\\Middleware\\Authenticate->handle(Object(Illuminate\\Http\\Request), Object(Closure))
#21 /home/positivo/whatsapp.positivo.co/vendor/laravel/framework/src/Illuminate/Foundation/Http/Middleware/VerifyCsrfToken.php(78): Illuminate\\Pipeline\\Pipeline->Illuminate\\Pipeline\\{closure}(Object(Illuminate\\Http\\Request))
#22 /home/positivo/whatsapp.positivo.co/vendor/laravel/framework/src/Illuminate/Pipeline/Pipeline.php(167): Illuminate\\Foundation\\Http\\Middleware\\VerifyCsrfToken->handle(Object(Illuminate\\Http\\Request), Object(Closure))
#23 /home/positivo/whatsapp.positivo.co/vendor/laravel/framework/src/Illuminate/View/Middleware/ShareErrorsFromSession.php(49): Illuminate\\Pipeline\\Pipeline->Illuminate\\Pipeline\\{closure}(Object(Illuminate\\Http\\Request))
#24 /home/positivo/whatsapp.positivo.co/vendor/laravel/framework/src/Illuminate/Pipeline/Pipeline.php(167): Illuminate\\View\\Middleware\\ShareErrorsFromSession->handle(Object(Illuminate\\Http\\Request), Object(Closure))
#25 /home/positivo/whatsapp.positivo.co/app/Http/Middleware/Language.php(32): Illuminate\\Pipeline\\Pipeline->Illuminate\\Pipeline\\{closure}(Object(Illuminate\\Http\\Request))
#26 /home/positivo/whatsapp.positivo.co/vendor/laravel/framework/src/Illuminate/Pipeline/Pipeline.php(167): App\\Http\\Middleware\\Language->handle(Object(Illuminate\\Http\\Request), Object(Closure))
#27 /home/positivo/whatsapp.positivo.co/vendor/laravel/framework/src/Illuminate/Session/Middleware/StartSession.php(121): Illuminate\\Pipeline\\Pipeline->Illuminate\\Pipeline\\{closure}(Object(Illuminate\\Http\\Request))
#28 /home/positivo/whatsapp.positivo.co/vendor/laravel/framework/src/Illuminate/Session/Middleware/StartSession.php(63): Illuminate\\Session\\Middleware\\StartSession->handleStatefulRequest(Object(Illuminate\\Http\\Request), Object(Illuminate\\Session\\Store), Object(Closure))
#29 /home/positivo/whatsapp.positivo.co/vendor/laravel/framework/src/Illuminate/Pipeline/Pipeline.php(167): Illuminate\\Session\\Middleware\\StartSession->handle(Object(Illuminate\\Http\\Request), Object(Closure))
#30 /home/positivo/whatsapp.positivo.co/vendor/laravel/framework/src/Illuminate/Cookie/Middleware/AddQueuedCookiesToResponse.php(37): Illuminate\\Pipeline\\Pipeline->Illuminate\\Pipeline\\{closure}(Object(Illuminate\\Http\\Request))
#31 /home/positivo/whatsapp.positivo.co/vendor/laravel/framework/src/Illuminate/Pipeline/Pipeline.php(167): Illuminate\\Cookie\\Middleware\\AddQueuedCookiesToResponse->handle(Object(Illuminate\\Http\\Request), Object(Closure))
#32 /home/positivo/whatsapp.positivo.co/vendor/laravel/framework/src/Illuminate/Cookie/Middleware/EncryptCookies.php(67): Illuminate\\Pipeline\\Pipeline->Illuminate\\Pipeline\\{closure}(Object(Illuminate\\Http\\Request))
#33 /home/positivo/whatsapp.positivo.co/vendor/laravel/framework/src/Illuminate/Pipeline/Pipeline.php(167): Illuminate\\Cookie\\Middleware\\EncryptCookies->handle(Object(Illuminate\\Http\\Request), Object(Closure))
#34 /home/positivo/whatsapp.positivo.co/vendor/mobidonia/laravel-dashboard-installer/src/Middleware/ToInstallMiddleware.php(23): Illuminate\\Pipeline\\Pipeline->Illuminate\\Pipeline\\{closure}(Object(Illuminate\\Http\\Request))
#35 /home/positivo/whatsapp.positivo.co/vendor/laravel/framework/src/Illuminate/Pipeline/Pipeline.php(167): dacoto\\LaravelInstaller\\Middleware\\ToInstallMiddleware->handle(Object(Illuminate\\Http\\Request), Object(Closure))
#36 /home/positivo/whatsapp.positivo.co/vendor/laravel/framework/src/Illuminate/Pipeline/Pipeline.php(103): Illuminate\\Pipeline\\Pipeline->Illuminate\\Pipeline\\{closure}(Object(Illuminate\\Http\\Request))
#37 /home/positivo/whatsapp.positivo.co/vendor/laravel/framework/src/Illuminate/Routing/Router.php(695): Illuminate\\Pipeline\\Pipeline->then(Object(Closure))
#38 /home/positivo/whatsapp.positivo.co/vendor/laravel/framework/src/Illuminate/Routing/Router.php(670): Illuminate\\Routing\\Router->runRouteWithinStack(Object(Illuminate\\Routing\\Route), Object(Illuminate\\Http\\Request))
#39 /home/positivo/whatsapp.positivo.co/vendor/laravel/framework/src/Illuminate/Routing/Router.php(636): Illuminate\\Routing\\Router->runRoute(Object(Illuminate\\Http\\Request), Object(Illuminate\\Routing\\Route))
#40 /home/positivo/whatsapp.positivo.co/vendor/laravel/framework/src/Illuminate/Routing/Router.php(625): Illuminate\\Routing\\Router->dispatchToRoute(Object(Illuminate\\Http\\Request))
#41 /home/positivo/whatsapp.positivo.co/vendor/laravel/framework/src/Illuminate/Foundation/Http/Kernel.php(166): Illuminate\\Routing\\Router->dispatch(Object(Illuminate\\Http\\Request))
#42 /home/positivo/whatsapp.positivo.co/vendor/laravel/framework/src/Illuminate/Pipeline/Pipeline.php(128): Illuminate\\Foundation\\Http\\Kernel->Illuminate\\Foundation\\Http\\{closure}(Object(Illuminate\\Http\\Request))
#43 /home/positivo/whatsapp.positivo.co/vendor/barryvdh/laravel-debugbar/src/Middleware/InjectDebugbar.php(60): Illuminate\\Pipeline\\Pipeline->Illuminate\\Pipeline\\{closure}(Object(Illuminate\\Http\\Request))
#44 /home/positivo/whatsapp.positivo.co/vendor/laravel/framework/src/Illuminate/Pipeline/Pipeline.php(167): Barryvdh\\Debugbar\\Middleware\\InjectDebugbar->handle(Object(Illuminate\\Http\\Request), Object(Closure))
#45 /home/positivo/whatsapp.positivo.co/vendor/laravel/framework/src/Illuminate/Foundation/Http/Middleware/TransformsRequest.php(21): Illuminate\\Pipeline\\Pipeline->Illuminate\\Pipeline\\{closure}(Object(Illuminate\\Http\\Request))
#46 /home/positivo/whatsapp.positivo.co/vendor/laravel/framework/src/Illuminate/Pipeline/Pipeline.php(167): Illuminate\\Foundation\\Http\\Middleware\\TransformsRequest->handle(Object(Illuminate\\Http\\Request), Object(Closure))
#47 /home/positivo/whatsapp.positivo.co/vendor/laravel/framework/src/Illuminate/Foundation/Http/Middleware/TransformsRequest.php(21): Illuminate\\Pipeline\\Pipeline->Illuminate\\Pipeline\\{closure}(Object(Illuminate\\Http\\Request))
#48 /home/positivo/whatsapp.positivo.co/vendor/laravel/framework/src/Illuminate/Pipeline/Pipeline.php(167): Illuminate\\Foundation\\Http\\Middleware\\TransformsRequest->handle(Object(Illuminate\\Http\\Request), Object(Closure))
#49 /home/positivo/whatsapp.positivo.co/vendor/laravel/framework/src/Illuminate/Foundation/Http/Middleware/ValidatePostSize.php(27): Illuminate\\Pipeline\\Pipeline->Illuminate\\Pipeline\\{closure}(Object(Illuminate\\Http\\Request))
#50 /home/positivo/whatsapp.positivo.co/vendor/laravel/framework/src/Illuminate/Pipeline/Pipeline.php(167): Illuminate\\Foundation\\Http\\Middleware\\ValidatePostSize->handle(Object(Illuminate\\Http\\Request), Object(Closure))
#51 /home/positivo/whatsapp.positivo.co/vendor/laravel/framework/src/Illuminate/Foundation/Http/Middleware/PreventRequestsDuringMaintenance.php(86): Illuminate\\Pipeline\\Pipeline->Illuminate\\Pipeline\\{closure}(Object(Illuminate\\Http\\Request))
#52 /home/positivo/whatsapp.positivo.co/vendor/laravel/framework/src/Illuminate/Pipeline/Pipeline.php(167): Illuminate\\Foundation\\Http\\Middleware\\PreventRequestsDuringMaintenance->handle(Object(Illuminate\\Http\\Request), Object(Closure))
#53 /home/positivo/whatsapp.positivo.co/vendor/fruitcake/laravel-cors/src/HandleCors.php(37): Illuminate\\Pipeline\\Pipeline->Illuminate\\Pipeline\\{closure}(Object(Illuminate\\Http\\Request))
#54 /home/positivo/whatsapp.positivo.co/vendor/laravel/framework/src/Illuminate/Pipeline/Pipeline.php(167): Fruitcake\\Cors\\HandleCors->handle(Object(Illuminate\\Http\\Request), Object(Closure))
#55 /home/positivo/whatsapp.positivo.co/vendor/fideloper/proxy/src/TrustProxies.php(57): Illuminate\\Pipeline\\Pipeline->Illuminate\\Pipeline\\{closure}(Object(Illuminate\\Http\\Request))
#56 /home/positivo/whatsapp.positivo.co/vendor/laravel/framework/src/Illuminate/Pipeline/Pipeline.php(167): Fideloper\\Proxy\\TrustProxies->handle(Object(Illuminate\\Http\\Request), Object(Closure))
#57 /home/positivo/whatsapp.positivo.co/vendor/laravel/framework/src/Illuminate/Pipeline/Pipeline.php(103): Illuminate\\Pipeline\\Pipeline->Illuminate\\Pipeline\\{closure}(Object(Illuminate\\Http\\Request))
#58 /home/positivo/whatsapp.positivo.co/vendor/laravel/framework/src/Illuminate/Foundation/Http/Kernel.php(141): Illuminate\\Pipeline\\Pipeline->then(Object(Closure))
#59 /home/positivo/whatsapp.positivo.co/vendor/laravel/framework/src/Illuminate/Foundation/Http/Kernel.php(110): Illuminate\\Foundation\\Http\\Kernel->sendRequestThroughRouter(Object(Illuminate\\Http\\Request))
#60 /home/positivo/whatsapp.positivo.co/public/index.php(52): Illuminate\\Foundation\\Http\\Kernel->handle(Object(Illuminate\\Http\\Request))
#61 {main}
"} 
[2022-07-28 08:07:21] prodcution.ERROR: Geocoding failed because `This API project is not authorized to use this API.` {"userId":81,"exception":"[object] (Spatie\\Geocoder\\Exceptions\\CouldNotGeocode(code: 0): Geocoding failed because `This API project is not authorized to use this API.` at /home/positivo/whatsapp.positivo.co/vendor/spatie/geocoder/src/Exceptions/CouldNotGeocode.php:16)
[stacktrace]
#0 /home/positivo/whatsapp.positivo.co/vendor/spatie/geocoder/src/Geocoder.php(96): Spatie\\Geocoder\\Exceptions\\CouldNotGeocode::serviceReturnedError('This API projec...')
#1 /home/positivo/whatsapp.positivo.co/vendor/spatie/geocoder/src/Geocoder.php(75): Spatie\\Geocoder\\Geocoder->getAllCoordinatesForAddress('Cra 28 # 34 - 1...')
#2 /home/positivo/whatsapp.positivo.co/app/Http/Controllers/RestorantController.php(502): Spatie\\Geocoder\\Geocoder->getCoordinatesForAddress('Cra 28 # 34 - 1...')
#3 /home/positivo/whatsapp.positivo.co/vendor/laravel/framework/src/Illuminate/Routing/Controller.php(54): App\\Http\\Controllers\\RestorantController->getCoordinatesForAddress(Object(Illuminate\\Http\\Request))
#4 /home/positivo/whatsapp.positivo.co/vendor/laravel/framework/src/Illuminate/Routing/ControllerDispatcher.php(45): Illuminate\\Routing\\Controller->callAction('getCoordinatesF...', Array)
#5 /home/positivo/whatsapp.positivo.co/vendor/laravel/framework/src/Illuminate/Routing/Route.php(254): Illuminate\\Routing\\ControllerDispatcher->dispatch(Object(Illuminate\\Routing\\Route), Object(App\\Http\\Controllers\\RestorantController), 'getCoordinatesF...')
#6 /home/positivo/whatsapp.positivo.co/vendor/laravel/framework/src/Illuminate/Routing/Route.php(197): Illuminate\\Routing\\Route->runController()
#7 /home/positivo/whatsapp.positivo.co/vendor/laravel/framework/src/Illuminate/Routing/Router.php(693): Illuminate\\Routing\\Route->run()
#8 /home/positivo/whatsapp.positivo.co/vendor/laravel/framework/src/Illuminate/Pipeline/Pipeline.php(128): Illuminate\\Routing\\Router->Illuminate\\Routing\\{closure}(Object(Illuminate\\Http\\Request))
#9 /home/positivo/whatsapp.positivo.co/vendor/laravel/framework/src/Illuminate/Routing/Middleware/SubstituteBindings.php(50): Illuminate\\Pipeline\\Pipeline->Illuminate\\Pipeline\\{closure}(Object(Illuminate\\Http\\Request))
#10 /home/positivo/whatsapp.positivo.co/vendor/laravel/framework/src/Illuminate/Pipeline/Pipeline.php(167): Illuminate\\Routing\\Middleware\\SubstituteBindings->handle(Object(Illuminate\\Http\\Request), Object(Closure))
#11 /home/positivo/whatsapp.positivo.co/vendor/laravel/framework/src/Illuminate/Auth/Middleware/Authenticate.php(44): Illuminate\\Pipeline\\Pipeline->Illuminate\\Pipeline\\{closure}(Object(Illuminate\\Http\\Request))
#12 /home/positivo/whatsapp.positivo.co/vendor/laravel/framework/src/Illuminate/Pipeline/Pipeline.php(167): Illuminate\\Auth\\Middleware\\Authenticate->handle(Object(Illuminate\\Http\\Request), Object(Closure))
#13 /home/positivo/whatsapp.positivo.co/vendor/laravel/framework/src/Illuminate/Foundation/Http/Middleware/VerifyCsrfToken.php(78): Illuminate\\Pipeline\\Pipeline->Illuminate\\Pipeline\\{closure}(Object(Illuminate\\Http\\Request))
#14 /home/positivo/whatsapp.positivo.co/vendor/laravel/framework/src/Illuminate/Pipeline/Pipeline.php(167): Illuminate\\Foundation\\Http\\Middleware\\VerifyCsrfToken->handle(Object(Illuminate\\Http\\Request), Object(Closure))
#15 /home/positivo/whatsapp.positivo.co/vendor/laravel/framework/src/Illuminate/View/Middleware/ShareErrorsFromSession.php(49): Illuminate\\Pipeline\\Pipeline->Illuminate\\Pipeline\\{closure}(Object(Illuminate\\Http\\Request))
#16 /home/positivo/whatsapp.positivo.co/vendor/laravel/framework/src/Illuminate/Pipeline/Pipeline.php(167): Illuminate\\View\\Middleware\\ShareErrorsFromSession->handle(Object(Illuminate\\Http\\Request), Object(Closure))
#17 /home/positivo/whatsapp.positivo.co/app/Http/Middleware/Language.php(32): Illuminate\\Pipeline\\Pipeline->Illuminate\\Pipeline\\{closure}(Object(Illuminate\\Http\\Request))
#18 /home/positivo/whatsapp.positivo.co/vendor/laravel/framework/src/Illuminate/Pipeline/Pipeline.php(167): App\\Http\\Middleware\\Language->handle(Object(Illuminate\\Http\\Request), Object(Closure))
#19 /home/positivo/whatsapp.positivo.co/vendor/laravel/framework/src/Illuminate/Session/Middleware/StartSession.php(121): Illuminate\\Pipeline\\Pipeline->Illuminate\\Pipeline\\{closure}(Object(Illuminate\\Http\\Request))
#20 /home/positivo/whatsapp.positivo.co/vendor/laravel/framework/src/Illuminate/Session/Middleware/StartSession.php(63): Illuminate\\Session\\Middleware\\StartSession->handleStatefulRequest(Object(Illuminate\\Http\\Request), Object(Illuminate\\Session\\Store), Object(Closure))
#21 /home/positivo/whatsapp.positivo.co/vendor/laravel/framework/src/Illuminate/Pipeline/Pipeline.php(167): Illuminate\\Session\\Middleware\\StartSession->handle(Object(Illuminate\\Http\\Request), Object(Closure))
#22 /home/positivo/whatsapp.positivo.co/vendor/laravel/framework/src/Illuminate/Cookie/Middleware/AddQueuedCookiesToResponse.php(37): Illuminate\\Pipeline\\Pipeline->Illuminate\\Pipeline\\{closure}(Object(Illuminate\\Http\\Request))
#23 /home/positivo/whatsapp.positivo.co/vendor/laravel/framework/src/Illuminate/Pipeline/Pipeline.php(167): Illuminate\\Cookie\\Middleware\\AddQueuedCookiesToResponse->handle(Object(Illuminate\\Http\\Request), Object(Closure))
#24 /home/positivo/whatsapp.positivo.co/vendor/laravel/framework/src/Illuminate/Cookie/Middleware/EncryptCookies.php(67): Illuminate\\Pipeline\\Pipeline->Illuminate\\Pipeline\\{closure}(Object(Illuminate\\Http\\Request))
#25 /home/positivo/whatsapp.positivo.co/vendor/laravel/framework/src/Illuminate/Pipeline/Pipeline.php(167): Illuminate\\Cookie\\Middleware\\EncryptCookies->handle(Object(Illuminate\\Http\\Request), Object(Closure))
#26 /home/positivo/whatsapp.positivo.co/vendor/mobidonia/laravel-dashboard-installer/src/Middleware/ToInstallMiddleware.php(23): Illuminate\\Pipeline\\Pipeline->Illuminate\\Pipeline\\{closure}(Object(Illuminate\\Http\\Request))
#27 /home/positivo/whatsapp.positivo.co/vendor/laravel/framework/src/Illuminate/Pipeline/Pipeline.php(167): dacoto\\LaravelInstaller\\Middleware\\ToInstallMiddleware->handle(Object(Illuminate\\Http\\Request), Object(Closure))
#28 /home/positivo/whatsapp.positivo.co/vendor/laravel/framework/src/Illuminate/Pipeline/Pipeline.php(103): Illuminate\\Pipeline\\Pipeline->Illuminate\\Pipeline\\{closure}(Object(Illuminate\\Http\\Request))
#29 /home/positivo/whatsapp.positivo.co/vendor/laravel/framework/src/Illuminate/Routing/Router.php(695): Illuminate\\Pipeline\\Pipeline->then(Object(Closure))
#30 /home/positivo/whatsapp.positivo.co/vendor/laravel/framework/src/Illuminate/Routing/Router.php(670): Illuminate\\Routing\\Router->runRouteWithinStack(Object(Illuminate\\Routing\\Route), Object(Illuminate\\Http\\Request))
#31 /home/positivo/whatsapp.positivo.co/vendor/laravel/framework/src/Illuminate/Routing/Router.php(636): Illuminate\\Routing\\Router->runRoute(Object(Illuminate\\Http\\Request), Object(Illuminate\\Routing\\Route))
#32 /home/positivo/whatsapp.positivo.co/vendor/laravel/framework/src/Illuminate/Routing/Router.php(625): Illuminate\\Routing\\Router->dispatchToRoute(Object(Illuminate\\Http\\Request))
#33 /home/positivo/whatsapp.positivo.co/vendor/laravel/framework/src/Illuminate/Foundation/Http/Kernel.php(166): Illuminate\\Routing\\Router->dispatch(Object(Illuminate\\Http\\Request))
#34 /home/positivo/whatsapp.positivo.co/vendor/laravel/framework/src/Illuminate/Pipeline/Pipeline.php(128): Illuminate\\Foundation\\Http\\Kernel->Illuminate\\Foundation\\Http\\{closure}(Object(Illuminate\\Http\\Request))
#35 /home/positivo/whatsapp.positivo.co/vendor/barryvdh/laravel-debugbar/src/Middleware/InjectDebugbar.php(60): Illuminate\\Pipeline\\Pipeline->Illuminate\\Pipeline\\{closure}(Object(Illuminate\\Http\\Request))
#36 /home/positivo/whatsapp.positivo.co/vendor/laravel/framework/src/Illuminate/Pipeline/Pipeline.php(167): Barryvdh\\Debugbar\\Middleware\\InjectDebugbar->handle(Object(Illuminate\\Http\\Request), Object(Closure))
#37 /home/positivo/whatsapp.positivo.co/vendor/laravel/framework/src/Illuminate/Foundation/Http/Middleware/TransformsRequest.php(21): Illuminate\\Pipeline\\Pipeline->Illuminate\\Pipeline\\{closure}(Object(Illuminate\\Http\\Request))
#38 /home/positivo/whatsapp.positivo.co/vendor/laravel/framework/src/Illuminate/Pipeline/Pipeline.php(167): Illuminate\\Foundation\\Http\\Middleware\\TransformsRequest->handle(Object(Illuminate\\Http\\Request), Object(Closure))
#39 /home/positivo/whatsapp.positivo.co/vendor/laravel/framework/src/Illuminate/Foundation/Http/Middleware/TransformsRequest.php(21): Illuminate\\Pipeline\\Pipeline->Illuminate\\Pipeline\\{closure}(Object(Illuminate\\Http\\Request))
#40 /home/positivo/whatsapp.positivo.co/vendor/laravel/framework/src/Illuminate/Pipeline/Pipeline.php(167): Illuminate\\Foundation\\Http\\Middleware\\TransformsRequest->handle(Object(Illuminate\\Http\\Request), Object(Closure))
#41 /home/positivo/whatsapp.positivo.co/vendor/laravel/framework/src/Illuminate/Foundation/Http/Middleware/ValidatePostSize.php(27): Illuminate\\Pipeline\\Pipeline->Illuminate\\Pipeline\\{closure}(Object(Illuminate\\Http\\Request))
#42 /home/positivo/whatsapp.positivo.co/vendor/laravel/framework/src/Illuminate/Pipeline/Pipeline.php(167): Illuminate\\Foundation\\Http\\Middleware\\ValidatePostSize->handle(Object(Illuminate\\Http\\Request), Object(Closure))
#43 /home/positivo/whatsapp.positivo.co/vendor/laravel/framework/src/Illuminate/Foundation/Http/Middleware/PreventRequestsDuringMaintenance.php(86): Illuminate\\Pipeline\\Pipeline->Illuminate\\Pipeline\\{closure}(Object(Illuminate\\Http\\Request))
#44 /home/positivo/whatsapp.positivo.co/vendor/laravel/framework/src/Illuminate/Pipeline/Pipeline.php(167): Illuminate\\Foundation\\Http\\Middleware\\PreventRequestsDuringMaintenance->handle(Object(Illuminate\\Http\\Request), Object(Closure))
#45 /home/positivo/whatsapp.positivo.co/vendor/fruitcake/laravel-cors/src/HandleCors.php(37): Illuminate\\Pipeline\\Pipeline->Illuminate\\Pipeline\\{closure}(Object(Illuminate\\Http\\Request))
#46 /home/positivo/whatsapp.positivo.co/vendor/laravel/framework/src/Illuminate/Pipeline/Pipeline.php(167): Fruitcake\\Cors\\HandleCors->handle(Object(Illuminate\\Http\\Request), Object(Closure))
#47 /home/positivo/whatsapp.positivo.co/vendor/fideloper/proxy/src/TrustProxies.php(57): Illuminate\\Pipeline\\Pipeline->Illuminate\\Pipeline\\{closure}(Object(Illuminate\\Http\\Request))
#48 /home/positivo/whatsapp.positivo.co/vendor/laravel/framework/src/Illuminate/Pipeline/Pipeline.php(167): Fideloper\\Proxy\\TrustProxies->handle(Object(Illuminate\\Http\\Request), Object(Closure))
#49 /home/positivo/whatsapp.positivo.co/vendor/laravel/framework/src/Illuminate/Pipeline/Pipeline.php(103): Illuminate\\Pipeline\\Pipeline->Illuminate\\Pipeline\\{closure}(Object(Illuminate\\Http\\Request))
#50 /home/positivo/whatsapp.positivo.co/vendor/laravel/framework/src/Illuminate/Foundation/Http/Kernel.php(141): Illuminate\\Pipeline\\Pipeline->then(Object(Closure))
#51 /home/positivo/whatsapp.positivo.co/vendor/laravel/framework/src/Illuminate/Foundation/Http/Kernel.php(110): Illuminate\\Foundation\\Http\\Kernel->sendRequestThroughRouter(Object(Illuminate\\Http\\Request))
#52 /home/positivo/whatsapp.positivo.co/public/index.php(52): Illuminate\\Foundation\\Http\\Kernel->handle(Object(Illuminate\\Http\\Request))
#53 {main}
"} 
[2022-07-28 08:10:05] prodcution.INFO: Broadcasting [neworder-event] on channels [user.81] with payload:
{
    "order": {
        "id": 661,
        "created_at": "2022-07-28T13:10:04.000000Z",
        "updated_at": "2022-07-28T13:10:04.000000Z",
        "address_id": null,
        "client_id": "81",
        "restorant_id": "63",
        "driver_id": null,
        "delivery_price": "0.00",
        "order_price": "150000.00",
        "payment_method": "cod",
        "payment_status": "unpaid",
        "comment": " ",
        "lat": null,
        "lng": null,
        "srtipe_payment_id": null,
        "fee": "0.00",
        "fee_value": "0",
        "static_fee": "0.00",
        "delivery_method": "2",
        "delivery_pickup_interval": "510_540",
        "vatvalue": "0.00",
        "payment_processor_fee": "0.00",
        "time_to_prepare": null,
        "table_id": null,
        "phone": null,
        "whatsapp_address": null,
        "payment_link": "",
        "employee_id": null,
        "deleted_at": null,
        "md": "3a066bda8c96b9478bb0512f0a43028c",
        "time_created": "28 Jul 2022 08:10 AM",
        "time_formated": "8:30 AM - 9:00 AM",
        "last_status": [
            {
                "id": 1,
                "name": "Just created",
                "alias": "just_created",
                "pivot": {
                    "order_id": "661",
                    "status_id": "1",
                    "user_id": "81",
                    "created_at": "2022-07-28T13:10:04.000000Z",
                    "comment": "Social Network order"
                }
            }
        ],
        "is_prepared": false,
        "actions": {
            "buttons": [
                "rejected_by_restaurant",
                "accepted_by_restaurant"
            ],
            "message": ""
        },
        "configs": {
            "client_name": "steven",
            "client_phone": "3137063863"
        },
        "tableassigned": [],
        "restorant": {
            "id": 63,
            "created_at": "2022-07-07T22:00:47.000000Z",
            "updated_at": "2022-07-28T13:09:06.000000Z",
            "name": "DJ ARCE OFICIAL",
            "keyWhatsApi": "vgEP6#w(o2;l%9sQ",
            "subdomain": "dj-arce-oficial",
            "logo": "02dfa740-03a4-4768-8cf3-4764fa303d42",
            "cover": "0076b60e-7ef9-45a2-9aee-f6927658ca85",
            "active": "1",
            "user_id": "81",
            "lat": "4.544514065322966",
            "lng": "-75.68909733781737",
            "address": "Cra 28 # 34 - 19 Piso 3",
            "phone": "+573137063863",
            "minimum": "0",
            "description": "Artista de eventos y eventos masivos, como Dj y Locutor profesional.",
            "fee": "0.00",
            "static_fee": "0.00",
            "radius": [],
            "is_featured": "0",
            "city_id": null,
            "views": "29",
            "can_pickup": "0",
            "can_deliver": "0",
            "self_deliver": "0",
            "free_deliver": "0",
            "whatsapp_phone": "+573137063863",
            "fb_username": null,
            "do_covertion": "1",
            "currency": "COP",
            "payment_info": "",
            "mollie_payment_key": "",
            "deleted_at": null,
            "alias": "dj-arce-oficial",
            "logom": "\/uploads\/restorants\/02dfa740-03a4-4768-8cf3-4764fa303d42_large.jpg",
            "icon": "\/uploads\/restorants\/02dfa740-03a4-4768-8cf3-4764fa303d42_thumbnail.jpg",
            "coverm": "\/uploads\/restorants\/0076b60e-7ef9-45a2-9aee-f6927658ca85_cover.jpg",
            "user": {
                "id": 81,
                "google_id": null,
                "fb_id": null,
                "name": "comercio de prueba",
                "email": "deejayarceoficial@gmail.com",
                "email_verified_at": null,
                "phone": "3137063863",
                "created_at": "2022-07-07T22:00:47.000000Z",
                "updated_at": "2022-07-18T14:37:07.000000Z",
                "active": "1",
                "stripe_id": null,
                "card_brand": null,
                "card_last_four": null,
                "trial_ends_at": null,
                "verification_code": null,
                "phone_verified_at": null,
                "plan_id": "3",
                "plan_status": "",
                "cancel_url": "",
                "update_url": "",
                "checkout_id": "",
                "subscription_plan_id": "",
                "stripe_account": "",
                "birth_date": "",
                "lat": null,
                "lng": null,
                "working": "1",
                "onorder": null,
                "numorders": "0",
                "rejectedorders": "0",
                "paypal_subscribtion_id": null,
                "mollie_customer_id": null,
                "mollie_mandate_id": null,
                "tax_percentage": "0.0000",
                "extra_billing_information": null,
                "mollie_subscribtion_id": null,
                "paystack_subscribtion_id": null,
                "paystack_trans_id": null,
                "restaurant_id": null,
                "deleted_at": null
            }
        },
        "items": [
            {
                "id": 565,
                "name": "producto 2",
                "description": "descripcion del producto",
                "image": "22c585c5-6a42-4a14-8a51-8d064aebbe9d",
                "price": "150000.00",
                "category_id": "135",
                "created_at": "2022-07-28T12:44:10.000000Z",
                "updated_at": "2022-07-28T12:46:11.000000Z",
                "available": "1",
                "has_variants": "0",
                "vat": null,
                "deleted_at": null,
                "logom": "\/uploads\/restorants\/22c585c5-6a42-4a14-8a51-8d064aebbe9d_large.jpg",
                "icon": "\/uploads\/restorants\/22c585c5-6a42-4a14-8a51-8d064aebbe9d_thumbnail.jpg",
                "short_description": "descripcion del producto",
                "pivot": {
                    "order_id": "661",
                    "item_id": "565",
                    "qty": "1",
                    "extras": "[]",
                    "vat": null,
                    "vatvalue": "0.00",
                    "variant_price": "150000.00",
                    "variant_name": ""
                }
            }
        ]
    },
    "msg": "Tiene una nueva orden con ID",
    "socket": null
}  
[2022-07-28 10:05:14] prodcution.INFO: Broadcasting [neworder-event] on channels [user.81] with payload:
{
    "order": {
        "id": 662,
        "created_at": "2022-07-28T15:05:13.000000Z",
        "updated_at": "2022-07-28T15:05:13.000000Z",
        "address_id": null,
        "client_id": "81",
        "restorant_id": "63",
        "driver_id": null,
        "delivery_price": "0.00",
        "order_price": "150000.00",
        "payment_method": "cod",
        "payment_status": "unpaid",
        "comment": " necesito la camiseta el dia tal",
        "lat": null,
        "lng": null,
        "srtipe_payment_id": null,
        "fee": "0.00",
        "fee_value": "0",
        "static_fee": "0.00",
        "delivery_method": "2",
        "delivery_pickup_interval": "630_660",
        "vatvalue": "0.00",
        "payment_processor_fee": "0.00",
        "time_to_prepare": null,
        "table_id": null,
        "phone": null,
        "whatsapp_address": null,
        "payment_link": "",
        "employee_id": null,
        "deleted_at": null,
        "md": "be3159ad04564bfb90db9e32851ebf9c",
        "time_created": "28 Jul 2022 10:05 AM",
        "time_formated": "10:30 AM - 11:00 AM",
        "last_status": [
            {
                "id": 1,
                "name": "Just created",
                "alias": "just_created",
                "pivot": {
                    "order_id": "662",
                    "status_id": "1",
                    "user_id": "81",
                    "created_at": "2022-07-28T15:05:13.000000Z",
                    "comment": "Social Network order"
                }
            }
        ],
        "is_prepared": false,
        "actions": {
            "buttons": [
                "rejected_by_restaurant",
                "accepted_by_restaurant"
            ],
            "message": ""
        },
        "configs": {
            "client_name": "pepito perez",
            "client_phone": "3137063863"
        },
        "tableassigned": [],
        "restorant": {
            "id": 63,
            "created_at": "2022-07-07T22:00:47.000000Z",
            "updated_at": "2022-07-28T15:03:38.000000Z",
            "name": "DJ ARCE OFICIAL",
            "keyWhatsApi": "vgEP6#w(o2;l%9sQ",
            "subdomain": "dj-arce-oficial",
            "logo": "02dfa740-03a4-4768-8cf3-4764fa303d42",
            "cover": "0076b60e-7ef9-45a2-9aee-f6927658ca85",
            "active": "1",
            "user_id": "81",
            "lat": "4.544514065322966",
            "lng": "-75.68909733781737",
            "address": "Cra 28 # 34 - 19 Piso 3",
            "phone": "+573137063863",
            "minimum": "0",
            "description": "Artista de eventos y eventos masivos, como Dj y Locutor profesional.",
            "fee": "0.00",
            "static_fee": "0.00",
            "radius": [],
            "is_featured": "0",
            "city_id": null,
            "views": "30",
            "can_pickup": "0",
            "can_deliver": "0",
            "self_deliver": "0",
            "free_deliver": "0",
            "whatsapp_phone": "+573137063863",
            "fb_username": null,
            "do_covertion": "1",
            "currency": "COP",
            "payment_info": "",
            "mollie_payment_key": "",
            "deleted_at": null,
            "alias": "dj-arce-oficial",
            "logom": "\/uploads\/restorants\/02dfa740-03a4-4768-8cf3-4764fa303d42_large.jpg",
            "icon": "\/uploads\/restorants\/02dfa740-03a4-4768-8cf3-4764fa303d42_thumbnail.jpg",
            "coverm": "\/uploads\/restorants\/0076b60e-7ef9-45a2-9aee-f6927658ca85_cover.jpg",
            "user": {
                "id": 81,
                "google_id": null,
                "fb_id": null,
                "name": "comercio de prueba",
                "email": "deejayarceoficial@gmail.com",
                "email_verified_at": null,
                "phone": "3137063863",
                "created_at": "2022-07-07T22:00:47.000000Z",
                "updated_at": "2022-07-18T14:37:07.000000Z",
                "active": "1",
                "stripe_id": null,
                "card_brand": null,
                "card_last_four": null,
                "trial_ends_at": null,
                "verification_code": null,
                "phone_verified_at": null,
                "plan_id": "3",
                "plan_status": "",
                "cancel_url": "",
                "update_url": "",
                "checkout_id": "",
                "subscription_plan_id": "",
                "stripe_account": "",
                "birth_date": "",
                "lat": null,
                "lng": null,
                "working": "1",
                "onorder": null,
                "numorders": "0",
                "rejectedorders": "0",
                "paypal_subscribtion_id": null,
                "mollie_customer_id": null,
                "mollie_mandate_id": null,
                "tax_percentage": "0.0000",
                "extra_billing_information": null,
                "mollie_subscribtion_id": null,
                "paystack_subscribtion_id": null,
                "paystack_trans_id": null,
                "restaurant_id": null,
                "deleted_at": null
            }
        },
        "items": [
            {
                "id": 565,
                "name": "producto 2",
                "description": "descripcion del producto",
                "image": "22c585c5-6a42-4a14-8a51-8d064aebbe9d",
                "price": "150000.00",
                "category_id": "135",
                "created_at": "2022-07-28T12:44:10.000000Z",
                "updated_at": "2022-07-28T12:46:11.000000Z",
                "available": "1",
                "has_variants": "0",
                "vat": null,
                "deleted_at": null,
                "logom": "\/uploads\/restorants\/22c585c5-6a42-4a14-8a51-8d064aebbe9d_large.jpg",
                "icon": "\/uploads\/restorants\/22c585c5-6a42-4a14-8a51-8d064aebbe9d_thumbnail.jpg",
                "short_description": "descripcion del producto",
                "pivot": {
                    "order_id": "662",
                    "item_id": "565",
                    "qty": "1",
                    "extras": "[]",
                    "vat": null,
                    "vatvalue": "0.00",
                    "variant_price": "150000.00",
                    "variant_name": ""
                }
            }
        ]
    },
    "msg": "Tiene una nueva orden con ID",
    "socket": null
}  
